
> website@0.0.0 start /home/ubuntu/personal
> node ./bin/www

[0mGET / [36m304 [0m11.455 ms - -[0m
[0mGET /stylesheets/style.css [36m304 [0m5.990 ms - -[0m
[0mGET /stylesheets/bootstrap.min.css [36m304 [0m6.336 ms - -[0m
[0mGET /stylesheets/font-awesome.min.css [36m304 [0m5.727 ms - -[0m
[0mGET /stylesheets/materialize.min.css [36m304 [0m5.356 ms - -[0m
[0mGET /javascripts/bootstrap.min.js [36m304 [0m0.665 ms - -[0m
[0mGET /images/photo.png [36m304 [0m0.679 ms - -[0m
[0mGET /javascripts/jquery.min.js [36m304 [0m0.368 ms - -[0m
[0mGET /javascripts/materialize.min.js [36m304 [0m0.255 ms - -[0m
[0mGET / [36m304 [0m3.629 ms - -[0m
[0mGET /stylesheets/style.css [36m304 [0m0.569 ms - -[0m
[0mGET /stylesheets/bootstrap.min.css [36m304 [0m0.262 ms - -[0m
[0mGET /stylesheets/font-awesome.min.css [36m304 [0m2.809 ms - -[0m
[0mGET /images/photo.png [36m304 [0m2.297 ms - -[0m
[0mGET /javascripts/bootstrap.min.js [36m304 [0m1.210 ms - -[0m
[0mGET /stylesheets/materialize.min.css [36m304 [0m1.027 ms - -[0m
[0mGET /javascripts/jquery.min.js [36m304 [0m0.216 ms - -[0m
[0mGET /javascripts/materialize.min.js [36m304 [0m0.211 ms - -[0m
[0mGET / [36m304 [0m1.380 ms - -[0m
[0mGET /stylesheets/font-awesome.min.css [36m304 [0m1.002 ms - -[0m
[0mGET /stylesheets/bootstrap.min.css [36m304 [0m0.505 ms - -[0m
[0mGET /stylesheets/style.css [36m304 [0m1.883 ms - -[0m
[0mGET /images/photo.png [36m304 [0m1.696 ms - -[0m
[0mGET /stylesheets/materialize.min.css [36m304 [0m1.907 ms - -[0m
[0mGET /javascripts/bootstrap.min.js [36m304 [0m1.878 ms - -[0m
[0mGET /javascripts/jquery.min.js [36m304 [0m0.572 ms - -[0m
[0mGET / [36m304 [0m1.277 ms - -[0m
[0mGET /javascripts/materialize.min.js [36m304 [0m0.355 ms - -[0m
[0mGET / [36m304 [0m0.951 ms - -[0m
[0mGET /stylesheets/bootstrap.min.css [36m304 [0m3.902 ms - -[0m
[0mGET /stylesheets/style.css [36m304 [0m2.069 ms - -[0m
[0mGET /stylesheets/materialize.min.css [36m304 [0m2.258 ms - -[0m
[0mGET /images/photo.png [36m304 [0m2.004 ms - -[0m
[0mGET /stylesheets/font-awesome.min.css [36m304 [0m1.494 ms - -[0m
[0mGET /javascripts/bootstrap.min.js [36m304 [0m0.555 ms - -[0m
[0mGET /stylesheets/style.css [32m200 [0m3.912 ms - 473[0m
[0mGET /stylesheets/font-awesome.min.css [32m200 [0m1.713 ms - 26711[0m
[0mGET /stylesheets/bootstrap.min.css [32m200 [0m5.331 ms - 122540[0m
[0mGET /javascripts/bootstrap.min.js [32m200 [0m2.607 ms - 36816[0m
[0mGET /javascripts/jquery.min.js [32m200 [0m2.674 ms - 84380[0m
[0mGET /stylesheets/materialize.min.css [32m200 [0m1.260 ms - 150439[0m
[0mGET /javascripts/materialize.min.js [32m200 [0m2.268 ms - 126418[0m
[0mGET /fonts/fontawesome-webfont.woff2?v=4.4.0 [36m304 [0m0.618 ms - -[0m
[0mGET /images/photo.png [32m200 [0m2.357 ms - 4317890[0m
[0mGET http://testp5.mielno.lubin.pl/testproxy.php [33m404 [0m5.986 ms - 67[0m
[0mGET /manager/html [33m404 [0m1.353 ms - 67[0m
[0mGET http://51.254.206.142/httptest.php [33m404 [0m1.030 ms - 67[0m
[0mGET http://24x7-allrequestsallowed.com/?PHPSESSID=aab45f4f00143TPMVRHCBBZ_%5D [32m200 [0m1.384 ms - 2302[0m
[0mGET http://51.254.206.142/httptest.php [33m404 [0m2.165 ms - 67[0m
[0mGET /phpmyadmin/scripts/setup.php [33m404 [0m1.009 ms - 67[0m
[0mGET / [32m200 [0m1.337 ms - 2302[0m
[0mGET / [32m200 [0m1.001 ms - 2302[0m
[0mGET /favicon.ico [33m404 [0m1.029 ms - 67[0m
[0mGET /favicon.ico [33m404 [0m1.202 ms - 67[0m
[0mGET / [36m304 [0m1.403 ms - -[0m
[0mGET /stylesheets/style.css [36m304 [0m1.674 ms - -[0m
[0mGET /stylesheets/bootstrap.min.css [36m304 [0m1.686 ms - -[0m
[0mGET /stylesheets/materialize.min.css [36m304 [0m1.101 ms - -[0m
[0mGET /stylesheets/font-awesome.min.css [36m304 [0m0.616 ms - -[0m
[0mGET /images/photo.png [36m304 [0m0.253 ms - -[0m
[0mGET /javascripts/bootstrap.min.js [36m304 [0m0.659 ms - -[0m
[0mGET /javascripts/jquery.min.js [36m304 [0m0.449 ms - -[0m
[0mGET /javascripts/materialize.min.js [36m304 [0m0.706 ms - -[0m
[0mGET /fonts/fontawesome-webfont.woff2?v=4.4.0 [36m304 [0m0.946 ms - -[0m
[0mGET /favicon.ico [33m404 [0m1.733 ms - 67[0m
[0mGET /projects [36m303 [0m1.486 ms - 51[0m
[0mGET /projects/ [36m304 [0m2.560 ms - -[0m
[0mGET /stylesheets/style.css [36m304 [0m0.827 ms - -[0m
[0mGET /stylesheets/font-awesome.min.css [36m304 [0m2.097 ms - -[0m
[0mGET /stylesheets/materialize.min.css [36m304 [0m1.886 ms - -[0m
[0mGET /stylesheets/bootstrap.min.css [36m304 [0m1.757 ms - -[0m
[0mGET /javascripts/bootstrap.min.js [36m304 [0m2.193 ms - -[0m
[0mGET /images/myo2.png [36m304 [0m2.138 ms - -[0m
[0mGET /javascripts/jquery.min.js [36m304 [0m0.219 ms - -[0m
[0mGET /javascripts/materialize.min.js [36m304 [0m0.212 ms - -[0m
[0mGET / [36m304 [0m1.211 ms - -[0m
[0mGET /stylesheets/bootstrap.min.css [36m304 [0m0.314 ms - -[0m
[0mGET /stylesheets/style.css [36m304 [0m0.465 ms - -[0m
[0mGET /stylesheets/font-awesome.min.css [36m304 [0m0.791 ms - -[0m
[0mGET /stylesheets/materialize.min.css [36m304 [0m1.047 ms - -[0m
[0mGET /javascripts/bootstrap.min.js [36m304 [0m0.215 ms - -[0m
[0mGET /images/photo.png [36m304 [0m1.713 ms - -[0m
[0mGET /javascripts/jquery.min.js [36m304 [0m0.299 ms - -[0m
[0mGET /javascripts/materialize.min.js [36m304 [0m0.220 ms - -[0m
[0mGET / [32m200 [0m3.137 ms - 2302[0m
[0mGET /stylesheets/style.css [32m200 [0m2.030 ms - 473[0m
[0mGET /stylesheets/font-awesome.min.css [32m200 [0m2.929 ms - 26711[0m
[0mGET /javascripts/bootstrap.min.js [32m200 [0m1.800 ms - 36816[0m
[0mGET /stylesheets/bootstrap.min.css [32m200 [0m3.190 ms - 122540[0m
[0mGET /stylesheets/materialize.min.css [32m200 [0m4.047 ms - 150439[0m
[0mGET /javascripts/jquery.min.js [32m200 [0m1.650 ms - 84380[0m
[0mGET /javascripts/materialize.min.js [32m200 [0m2.319 ms - 126418[0m
[0mGET /fonts/fontawesome-webfont.woff2?v=4.4.0 [32m200 [0m2.022 ms - 64464[0m
[0mGET /images/photo.png [32m200 [0m3.320 ms - 4317890[0m
[0mGET /favicon.ico [33m404 [0m1.790 ms - 67[0m
[0mGET / [36m304 [0m0.852 ms - -[0m
[0mGET /stylesheets/style.css [36m304 [0m1.158 ms - -[0m
[0mGET /stylesheets/materialize.min.css [36m304 [0m0.444 ms - -[0m
[0mGET /images/photo.png [36m304 [0m3.309 ms - -[0m
[0mGET /stylesheets/bootstrap.min.css [36m304 [0m3.230 ms - -[0m
[0mGET /stylesheets/font-awesome.min.css [36m304 [0m3.211 ms - -[0m
[0mGET /javascripts/bootstrap.min.js [36m304 [0m0.244 ms - -[0m
[0mGET /javascripts/jquery.min.js [36m304 [0m0.290 ms - -[0m
[0mGET /javascripts/materialize.min.js [36m304 [0m0.417 ms - -[0m
[0mGET / [36m304 [0m0.884 ms - -[0m
[0mGET /stylesheets/style.css [36m304 [0m0.350 ms - -[0m
[0mGET /stylesheets/bootstrap.min.css [36m304 [0m1.428 ms - -[0m
[0mGET /stylesheets/materialize.min.css [36m304 [0m1.507 ms - -[0m
[0mGET /stylesheets/font-awesome.min.css [36m304 [0m0.212 ms - -[0m
[0mGET /images/photo.png [36m304 [0m0.464 ms - -[0m
[0mGET /javascripts/bootstrap.min.js [36m304 [0m0.786 ms - -[0m
[0mGET /javascripts/jquery.min.js [36m304 [0m0.689 ms - -[0m
[0mGET /javascripts/materialize.min.js [36m304 [0m0.223 ms - -[0m
[0mGET / [36m304 [0m1.625 ms - -[0m
[0mGET /stylesheets/bootstrap.min.css [36m304 [0m0.589 ms - -[0m
[0mGET /stylesheets/style.css [36m304 [0m0.474 ms - -[0m
[0mGET /images/photo.png [36m304 [0m0.474 ms - -[0m
[0mGET /stylesheets/materialize.min.css [36m304 [0m0.727 ms - -[0m
[0mGET /stylesheets/font-awesome.min.css [36m304 [0m0.193 ms - -[0m
[0mGET /javascripts/bootstrap.min.js [36m304 [0m0.212 ms - -[0m
[0mGET /javascripts/materialize.min.js [36m304 [0m0.280 ms - -[0m
[0mGET /javascripts/jquery.min.js [36m304 [0m0.508 ms - -[0m
[0mGET / [36m304 [0m0.845 ms - -[0m
[0mGET /stylesheets/style.css [36m304 [0m0.910 ms - -[0m
[0mGET /stylesheets/bootstrap.min.css [36m304 [0m0.592 ms - -[0m
[0mGET /images/photo.png [36m304 [0m0.455 ms - -[0m
[0mGET /stylesheets/font-awesome.min.css [36m304 [0m0.364 ms - -[0m
[0mGET /stylesheets/materialize.min.css [36m304 [0m0.217 ms - -[0m
[0mGET /javascripts/bootstrap.min.js [36m304 [0m0.386 ms - -[0m
[0mGET /javascripts/jquery.min.js [36m304 [0m1.823 ms - -[0m
[0mGET /javascripts/materialize.min.js [36m304 [0m1.739 ms - -[0m
[0mGET / [36m304 [0m4.419 ms - -[0m
[0mGET /stylesheets/style.css [36m304 [0m2.494 ms - -[0m
[0mGET /stylesheets/bootstrap.min.css [36m304 [0m1.681 ms - -[0m
[0mGET /images/photo.png [36m304 [0m1.172 ms - -[0m
[0mGET /stylesheets/font-awesome.min.css [36m304 [0m1.110 ms - -[0m
[0mGET /stylesheets/materialize.min.css [36m304 [0m1.434 ms - -[0m
[0mGET /javascripts/bootstrap.min.js [36m304 [0m1.599 ms - -[0m
[0mGET /javascripts/jquery.min.js [36m304 [0m0.973 ms - -[0m
[0mGET /javascripts/materialize.min.js [36m304 [0m0.233 ms - -[0m
